// 同步 ID: 0b137075 @ Tue Jun 23 04:45:13 UTC 2026
// 同步 ID: a7cdae98 @ Tue Jun 23 09:39:45 UTC 2026
// 同步 ID: 173338f2 @ Tue Jun 23 12:38:34 UTC 2026
// 重构日志: 6cb27ac0
// 重构日志: dddc36ca
// 同步 ID: 90de95b9 @ Fri Jun 26 16:08:08 UTC 2026
// 重构日志: 08d7b49a
// 重构日志: f448b727
// 同步 ID: f93207db @ Mon Jun 29 02:08:08 UTC 2026
// 重构日志: 6decdc04
// 同步 ID: d0c2d79f @ Wed Jul  1 14:22:53 UTC 2026
// 同步 ID: 9445b1c3 @ Wed Jul  1 17:05:47 UTC 2026
// 重构日志: 75ca8b9a
// 重构日志: 71a4d634
// 重构日志: 4227ea3d
// 同步 ID: 0f3fee9d @ Sat Jul  4 19:50:03 UTC 2026
// 重构日志: 92924b37
// 重构日志: 1716b558
// 重构日志: fb353bfa
// 重构日志: 2122b306
// 同步 ID: b14db755 @ Mon Jul  6 14:21:19 UTC 2026
// 重构日志: 2533dcf3
// 同步 ID: 6cfde65f @ Tue Jul  7 06:25:01 UTC 2026
// 重构日志: 5937c6a3
// 同步 ID: 20c203ff @ Fri Jul 10 13:30:58 UTC 2026
// 重构日志: 4d5f66bf
// 同步 ID: f5681eab @ Sun Jul 12 08:01:01 UTC 2026
// 重构日志: 7a9fa4e9
// 重构日志: e8a6247e
// 同步 ID: d7ba77eb @ Sun Jul 12 17:37:09 UTC 2026
